<?xml version="1.0" encoding="UTF-8"?>
<!-- Generated by org.testng.reporters.JUnitXMLReporter -->
<testsuite ignored="0" hostname="DESKTOP-TQITTE4" failures="1" tests="1" name="Test" time="12.177" errors="0" timestamp="2022-08-09T18:12:25 IST">
  <testcase classname="com.crm.sdet.organization.CreateOrganizationTest" name="createOrganization" time="6.775">
    <failure type="java.lang.AssertionError" message="expected [false] but found [true]">
      <![CDATA[java.lang.AssertionError: expected [false] but found [true]
at com.crm.sdet.organization.CreateOrganizationTest.createOrganization(CreateOrganizationTest.java:89)
at java.base/java.util.ArrayList.forEach(ArrayList.java:1511)
... Removed 33 stack frames]]>
    </failure>
  </testcase> <!-- createOrganization -->
</testsuite> <!-- Test -->
